--------------------------------------------------------------------------
Open MPI failed an OFI Libfabric library call (fi_domain).  This is highly
unusual; your job may behave unpredictably (and/or abort) after this.

  Local host: hype3
  Location: ../../../../../../ompi/mca/mtl/ofi/mtl_ofi_component.c:939
  Error: No data available (61)
--------------------------------------------------------------------------
[hype1:564835] 79 more processes have sent help message help-mtl-ofi.txt / OFI call fail
[hype1:564835] Set MCA parameter "orte_base_help_aggregate" to 0 to see all help / error messages
Execution time: 6.137309

 Performance counter stats for 'mpirun -np 80 -machinefile nodes.686313 --mca btl ^openib --mca btl_tcp_if_include eno2 --bind-to none -np 80 ./mpi_coletiva 2048':

         172023.32 msec task-clock                       #    1.205 CPUs utilized          
      445664714781      cycles                           #    2.591 GHz                    
      428481439883      instructions                     #    0.96  insn per cycle         

     142.740586696 seconds time elapsed

     157.953120000 seconds user
      14.593008000 seconds sys


--------------------------------------------------------------------------
Open MPI failed an OFI Libfabric library call (fi_domain).  This is highly
unusual; your job may behave unpredictably (and/or abort) after this.

  Local host: hype2
  Location: ../../../../../../ompi/mca/mtl/ofi/mtl_ofi_component.c:939
  Error: No data available (61)
--------------------------------------------------------------------------
[hype1:565576] 79 more processes have sent help message help-mtl-ofi.txt / OFI call fail
[hype1:565576] Set MCA parameter "orte_base_help_aggregate" to 0 to see all help / error messages
Execution time: 6.323026

 Performance counter stats for 'mpirun -np 80 -machinefile nodes.686314 --mca btl ^openib --mca btl_tcp_if_include eno2 --bind-to none -np 80 ./mpi_coletiva 2048':

         169672.76 msec task-clock                       #    1.190 CPUs utilized          
      439408022856      cycles                           #    2.590 GHz                    
      417859562765      instructions                     #    0.95  insn per cycle         

     142.637169179 seconds time elapsed

     155.309493000 seconds user
      15.035685000 seconds sys


